<?xml version="1.0" encoding="UTF-8"?>
<!-- Generated by org.testng.reporters.JUnitXMLReporter -->
<testsuite ignored="0" hostname="Margarets-Air" failures="0" tests="4" name="Test" time="15.091" errors="0" timestamp="2024-12-15T23:38:46 IST">
  <testcase classname="testscript.QALegendLoginPageTest" name="LoginTestFailure" time="0.468"/>
  <testcase classname="testscript.QALegendLoginPageTest" name="LoginTestFailure" time="0.457"/>
  <testcase classname="testscript.QALegendLoginPageTest" name="LoginTestFailure" time="0.491"/>
  <testcase classname="testscript.QALegendLoginPageTest" name="LoginTestSuccess" time="1.004"/>
</testsuite> <!-- Test -->
