<?xml version="1.0" encoding="UTF-8"?>
<!-- Generated by org.testng.reporters.JUnitXMLReporter -->
<testsuite ignored="0" hostname="Margarets-Air" failures="0" tests="4" name="Test" time="12.316" errors="0" timestamp="2024-12-13T11:20:41 IST">
  <testcase classname="testscript.QALegendLoginPageTest" name="LoginTestFailure" time="0.465"/>
  <testcase classname="testscript.QALegendLoginPageTest" name="LoginTestFailure" time="0.451"/>
  <testcase classname="testscript.QALegendLoginPageTest" name="LoginTestFailure" time="0.473"/>
  <testcase classname="testscript.QALegendLoginPageTest" name="LoginTestSuccess" time="0.996"/>
</testsuite> <!-- Test -->
