<?xml version="1.0" encoding="UTF-8"?>
<testng-results ignored="0" total="4" passed="4" failed="0" skipped="0">
  <reporter-output>
  </reporter-output>
  <suite started-at="2024-12-13T11:20:28 IST" name="Suite" finished-at="2024-12-13T11:20:41 IST" duration-ms="12316">
    <groups>
    </groups>
    <test started-at="2024-12-13T11:20:28 IST" name="Test" finished-at="2024-12-13T11:20:41 IST" duration-ms="12316">
      <class name="testscript.QALegendLoginPageTest">
        <test-method is-config="true" signature="browserInitialization(java.lang.String)[pri:0, instance:testscript.QALegendLoginPageTest@659499f1]" started-at="2024-12-13T11:20:29 IST" name="browserInitialization" finished-at="2024-12-13T11:20:32 IST" duration-ms="3033" status="PASS">
          <params>
            <param index="0">
              <value>
                <![CDATA[chrome]]>
              </value>
            </param>
          </params>
          <reporter-output>
          </reporter-output>
        </test-method> <!-- browserInitialization -->
        <test-method signature="LoginTestFailure(java.lang.String,java.lang.String)[pri:0, instance:testscript.QALegendLoginPageTest@659499f1]" started-at="2024-12-13T11:20:32 IST" name="LoginTestFailure" data-provider="datafailure" finished-at="2024-12-13T11:20:32 IST" duration-ms="465" status="PASS">
          <params>
            <param index="0">
              <value>
                <![CDATA[admin@admin.com]]>
              </value>
            </param>
            <param index="1">
              <value>
                <![CDATA[12345]]>
              </value>
            </param>
          </params>
          <reporter-output>
          </reporter-output>
        </test-method> <!-- LoginTestFailure -->
        <test-method is-config="true" signature="afterMethod(org.testng.ITestResult)[pri:0, instance:testscript.QALegendLoginPageTest@659499f1]" started-at="2024-12-13T11:20:32 IST" name="afterMethod" finished-at="2024-12-13T11:20:32 IST" duration-ms="86" status="PASS">
          <params>
            <param index="0">
              <value>
                <![CDATA[[TestResult name=LoginTestFailure status=SUCCESS method=QALegendLoginPageTest.LoginTestFailure(java.lang.String,java.lang.String)[pri:0, instance:testscript.QALegendLoginPageTest@659499f1] output={null}]]]>
              </value>
            </param>
          </params>
          <reporter-output>
          </reporter-output>
        </test-method> <!-- afterMethod -->
        <test-method is-config="true" signature="browserInitialization(java.lang.String)[pri:0, instance:testscript.QALegendLoginPageTest@659499f1]" started-at="2024-12-13T11:20:32 IST" name="browserInitialization" finished-at="2024-12-13T11:20:34 IST" duration-ms="2109" status="PASS">
          <params>
            <param index="0">
              <value>
                <![CDATA[chrome]]>
              </value>
            </param>
          </params>
          <reporter-output>
          </reporter-output>
        </test-method> <!-- browserInitialization -->
        <test-method signature="LoginTestFailure(java.lang.String,java.lang.String)[pri:0, instance:testscript.QALegendLoginPageTest@659499f1]" started-at="2024-12-13T11:20:34 IST" name="LoginTestFailure" data-provider="datafailure" finished-at="2024-12-13T11:20:35 IST" duration-ms="451" status="PASS">
          <params>
            <param index="0">
              <value>
                <![CDATA[admin@admin]]>
              </value>
            </param>
            <param index="1">
              <value>
                <![CDATA[12345]]>
              </value>
            </param>
          </params>
          <reporter-output>
          </reporter-output>
        </test-method> <!-- LoginTestFailure -->
        <test-method is-config="true" signature="afterMethod(org.testng.ITestResult)[pri:0, instance:testscript.QALegendLoginPageTest@659499f1]" started-at="2024-12-13T11:20:35 IST" name="afterMethod" finished-at="2024-12-13T11:20:35 IST" duration-ms="81" status="PASS">
          <params>
            <param index="0">
              <value>
                <![CDATA[[TestResult name=LoginTestFailure status=SUCCESS method=QALegendLoginPageTest.LoginTestFailure(java.lang.String,java.lang.String)[pri:0, instance:testscript.QALegendLoginPageTest@659499f1] output={null}]]]>
              </value>
            </param>
          </params>
          <reporter-output>
          </reporter-output>
        </test-method> <!-- afterMethod -->
        <test-method is-config="true" signature="browserInitialization(java.lang.String)[pri:0, instance:testscript.QALegendLoginPageTest@659499f1]" started-at="2024-12-13T11:20:35 IST" name="browserInitialization" finished-at="2024-12-13T11:20:37 IST" duration-ms="2082" status="PASS">
          <params>
            <param index="0">
              <value>
                <![CDATA[chrome]]>
              </value>
            </param>
          </params>
          <reporter-output>
          </reporter-output>
        </test-method> <!-- browserInitialization -->
        <test-method signature="LoginTestFailure(java.lang.String,java.lang.String)[pri:0, instance:testscript.QALegendLoginPageTest@659499f1]" started-at="2024-12-13T11:20:37 IST" name="LoginTestFailure" data-provider="datafailure" finished-at="2024-12-13T11:20:37 IST" duration-ms="473" status="PASS">
          <params>
            <param index="0">
              <value>
                <![CDATA[admin@admin]]>
              </value>
            </param>
            <param index="1">
              <value>
                <![CDATA[12345678]]>
              </value>
            </param>
          </params>
          <reporter-output>
          </reporter-output>
        </test-method> <!-- LoginTestFailure -->
        <test-method is-config="true" signature="afterMethod(org.testng.ITestResult)[pri:0, instance:testscript.QALegendLoginPageTest@659499f1]" started-at="2024-12-13T11:20:37 IST" name="afterMethod" finished-at="2024-12-13T11:20:38 IST" duration-ms="81" status="PASS">
          <params>
            <param index="0">
              <value>
                <![CDATA[[TestResult name=LoginTestFailure status=SUCCESS method=QALegendLoginPageTest.LoginTestFailure(java.lang.String,java.lang.String)[pri:0, instance:testscript.QALegendLoginPageTest@659499f1] output={null}]]]>
              </value>
            </param>
          </params>
          <reporter-output>
          </reporter-output>
        </test-method> <!-- afterMethod -->
        <test-method is-config="true" signature="browserInitialization(java.lang.String)[pri:0, instance:testscript.QALegendLoginPageTest@659499f1]" started-at="2024-12-13T11:20:38 IST" name="browserInitialization" finished-at="2024-12-13T11:20:40 IST" duration-ms="2115" status="PASS">
          <params>
            <param index="0">
              <value>
                <![CDATA[chrome]]>
              </value>
            </param>
          </params>
          <reporter-output>
          </reporter-output>
        </test-method> <!-- browserInitialization -->
        <test-method signature="LoginTestSuccess()[pri:0, instance:testscript.QALegendLoginPageTest@659499f1]" started-at="2024-12-13T11:20:40 IST" name="LoginTestSuccess" finished-at="2024-12-13T11:20:41 IST" duration-ms="996" status="PASS">
          <reporter-output>
          </reporter-output>
        </test-method> <!-- LoginTestSuccess -->
        <test-method is-config="true" signature="afterMethod(org.testng.ITestResult)[pri:0, instance:testscript.QALegendLoginPageTest@659499f1]" started-at="2024-12-13T11:20:41 IST" name="afterMethod" finished-at="2024-12-13T11:20:41 IST" duration-ms="82" status="PASS">
          <params>
            <param index="0">
              <value>
                <![CDATA[[TestResult name=LoginTestSuccess status=SUCCESS method=QALegendLoginPageTest.LoginTestSuccess()[pri:0, instance:testscript.QALegendLoginPageTest@659499f1] output={null}]]]>
              </value>
            </param>
          </params>
          <reporter-output>
          </reporter-output>
        </test-method> <!-- afterMethod -->
      </class> <!-- testscript.QALegendLoginPageTest -->
    </test> <!-- Test -->
  </suite> <!-- Suite -->
</testng-results>
