<?xml version="1.0" encoding="UTF-8"?>
<testng-results ignored="0" total="4" passed="4" failed="0" skipped="0">
  <reporter-output>
  </reporter-output>
  <suite started-at="2024-12-13T11:06:38 IST" name="Suite" finished-at="2024-12-13T11:06:59 IST" duration-ms="20243">
    <groups>
    </groups>
    <test started-at="2024-12-13T11:06:38 IST" name="Test" finished-at="2024-12-13T11:06:59 IST" duration-ms="20243">
      <class name="testscript.QALegendLoginPageTest">
        <test-method is-config="true" signature="browserInitialization(java.lang.String)[pri:0, instance:testscript.QALegendLoginPageTest@659499f1]" started-at="2024-12-13T11:06:39 IST" name="browserInitialization" finished-at="2024-12-13T11:06:49 IST" duration-ms="10774" status="PASS">
          <params>
            <param index="0">
              <value>
                <![CDATA[chrome]]>
              </value>
            </param>
          </params>
          <reporter-output>
          </reporter-output>
        </test-method> <!-- browserInitialization -->
        <test-method signature="LoginTestFailure(java.lang.String,java.lang.String)[pri:0, instance:testscript.QALegendLoginPageTest@659499f1]" started-at="2024-12-13T11:06:49 IST" name="LoginTestFailure" data-provider="datafailure" finished-at="2024-12-13T11:06:50 IST" duration-ms="491" status="PASS">
          <params>
            <param index="0">
              <value>
                <![CDATA[admin@admin.com]]>
              </value>
            </param>
            <param index="1">
              <value>
                <![CDATA[12345]]>
              </value>
            </param>
          </params>
          <reporter-output>
          </reporter-output>
        </test-method> <!-- LoginTestFailure -->
        <test-method is-config="true" signature="afterMethod(org.testng.ITestResult)[pri:0, instance:testscript.QALegendLoginPageTest@659499f1]" started-at="2024-12-13T11:06:50 IST" name="afterMethod" finished-at="2024-12-13T11:06:50 IST" duration-ms="84" status="PASS">
          <params>
            <param index="0">
              <value>
                <![CDATA[[TestResult name=LoginTestFailure status=SUCCESS method=QALegendLoginPageTest.LoginTestFailure(java.lang.String,java.lang.String)[pri:0, instance:testscript.QALegendLoginPageTest@659499f1] output={null}]]]>
              </value>
            </param>
          </params>
          <reporter-output>
          </reporter-output>
        </test-method> <!-- afterMethod -->
        <test-method is-config="true" signature="browserInitialization(java.lang.String)[pri:0, instance:testscript.QALegendLoginPageTest@659499f1]" started-at="2024-12-13T11:06:50 IST" name="browserInitialization" finished-at="2024-12-13T11:06:52 IST" duration-ms="2167" status="PASS">
          <params>
            <param index="0">
              <value>
                <![CDATA[chrome]]>
              </value>
            </param>
          </params>
          <reporter-output>
          </reporter-output>
        </test-method> <!-- browserInitialization -->
        <test-method signature="LoginTestFailure(java.lang.String,java.lang.String)[pri:0, instance:testscript.QALegendLoginPageTest@659499f1]" started-at="2024-12-13T11:06:52 IST" name="LoginTestFailure" data-provider="datafailure" finished-at="2024-12-13T11:06:53 IST" duration-ms="469" status="PASS">
          <params>
            <param index="0">
              <value>
                <![CDATA[admin@admin]]>
              </value>
            </param>
            <param index="1">
              <value>
                <![CDATA[12345]]>
              </value>
            </param>
          </params>
          <reporter-output>
          </reporter-output>
        </test-method> <!-- LoginTestFailure -->
        <test-method is-config="true" signature="afterMethod(org.testng.ITestResult)[pri:0, instance:testscript.QALegendLoginPageTest@659499f1]" started-at="2024-12-13T11:06:53 IST" name="afterMethod" finished-at="2024-12-13T11:06:53 IST" duration-ms="82" status="PASS">
          <params>
            <param index="0">
              <value>
                <![CDATA[[TestResult name=LoginTestFailure status=SUCCESS method=QALegendLoginPageTest.LoginTestFailure(java.lang.String,java.lang.String)[pri:0, instance:testscript.QALegendLoginPageTest@659499f1] output={null}]]]>
              </value>
            </param>
          </params>
          <reporter-output>
          </reporter-output>
        </test-method> <!-- afterMethod -->
        <test-method is-config="true" signature="browserInitialization(java.lang.String)[pri:0, instance:testscript.QALegendLoginPageTest@659499f1]" started-at="2024-12-13T11:06:53 IST" name="browserInitialization" finished-at="2024-12-13T11:06:55 IST" duration-ms="2150" status="PASS">
          <params>
            <param index="0">
              <value>
                <![CDATA[chrome]]>
              </value>
            </param>
          </params>
          <reporter-output>
          </reporter-output>
        </test-method> <!-- browserInitialization -->
        <test-method signature="LoginTestFailure(java.lang.String,java.lang.String)[pri:0, instance:testscript.QALegendLoginPageTest@659499f1]" started-at="2024-12-13T11:06:55 IST" name="LoginTestFailure" data-provider="datafailure" finished-at="2024-12-13T11:06:55 IST" duration-ms="481" status="PASS">
          <params>
            <param index="0">
              <value>
                <![CDATA[admin@admin]]>
              </value>
            </param>
            <param index="1">
              <value>
                <![CDATA[12345678]]>
              </value>
            </param>
          </params>
          <reporter-output>
          </reporter-output>
        </test-method> <!-- LoginTestFailure -->
        <test-method is-config="true" signature="afterMethod(org.testng.ITestResult)[pri:0, instance:testscript.QALegendLoginPageTest@659499f1]" started-at="2024-12-13T11:06:55 IST" name="afterMethod" finished-at="2024-12-13T11:06:55 IST" duration-ms="76" status="PASS">
          <params>
            <param index="0">
              <value>
                <![CDATA[[TestResult name=LoginTestFailure status=SUCCESS method=QALegendLoginPageTest.LoginTestFailure(java.lang.String,java.lang.String)[pri:0, instance:testscript.QALegendLoginPageTest@659499f1] output={null}]]]>
              </value>
            </param>
          </params>
          <reporter-output>
          </reporter-output>
        </test-method> <!-- afterMethod -->
        <test-method is-config="true" signature="browserInitialization(java.lang.String)[pri:0, instance:testscript.QALegendLoginPageTest@659499f1]" started-at="2024-12-13T11:06:55 IST" name="browserInitialization" finished-at="2024-12-13T11:06:58 IST" duration-ms="2155" status="PASS">
          <params>
            <param index="0">
              <value>
                <![CDATA[chrome]]>
              </value>
            </param>
          </params>
          <reporter-output>
          </reporter-output>
        </test-method> <!-- browserInitialization -->
        <test-method signature="LoginTestSuccess()[pri:0, instance:testscript.QALegendLoginPageTest@659499f1]" started-at="2024-12-13T11:06:58 IST" name="LoginTestSuccess" finished-at="2024-12-13T11:06:59 IST" duration-ms="977" status="PASS">
          <reporter-output>
          </reporter-output>
        </test-method> <!-- LoginTestSuccess -->
        <test-method is-config="true" signature="afterMethod(org.testng.ITestResult)[pri:0, instance:testscript.QALegendLoginPageTest@659499f1]" started-at="2024-12-13T11:06:59 IST" name="afterMethod" finished-at="2024-12-13T11:06:59 IST" duration-ms="81" status="PASS">
          <params>
            <param index="0">
              <value>
                <![CDATA[[TestResult name=LoginTestSuccess status=SUCCESS method=QALegendLoginPageTest.LoginTestSuccess()[pri:0, instance:testscript.QALegendLoginPageTest@659499f1] output={null}]]]>
              </value>
            </param>
          </params>
          <reporter-output>
          </reporter-output>
        </test-method> <!-- afterMethod -->
      </class> <!-- testscript.QALegendLoginPageTest -->
    </test> <!-- Test -->
  </suite> <!-- Suite -->
</testng-results>
